2022-21-07 09:55:00[WARN][HikariPool-1 housekeeper][c.z.h.p.HikariPool:788] HikariPool-1 - Thread starvation or clock leap detected (housekeeper delta=16h28m46s609ms16µs101ns).
2022-21-07 10:13:17[WARN][http-nio-8080-exec-1][o.s.w.s.m.m.a.ExceptionHandlerExceptionResolver:208] Resolved [org.springframework.web.bind.MethodArgumentNotValidException: Validation failed for argument [1] in public org.springframework.http.ResponseEntity<com.bridgelabz.addressbookapp.dto.ResponseDTO> com.bridgelabz.addressbookapp.controller.AddressBookController.editAddressBook(int,com.bridgelabz.addressbookapp.dto.AddressBookDTO) with 3 errors: [Field error in object 'addressBookDTO' on field 'state': rejected value [null]; codes [NotBlank.addressBookDTO.state,NotBlank.state,NotBlank]; arguments [org.springframework.context.support.DefaultMessageSourceResolvable: codes [addressBookDTO.state,state]; arguments []; default message [state]]; default message [State should not be empty]] [Field error in object 'addressBookDTO' on field 'city': rejected value [null]; codes [NotBlank.addressBookDTO.city,NotBlank.city,NotBlank]; arguments [org.springframework.context.support.DefaultMessageSourceResolvable: codes [addressBookDTO.city,city]; arguments []; default message [city]]; default message [City should not be empty]] [Field error in object 'addressBookDTO' on field 'address': rejected value [null]; codes [NotBlank.addressBookDTO.address,NotBlank.address,NotBlank]; arguments [org.springframework.context.support.DefaultMessageSourceResolvable: codes [addressBookDTO.address,address]; arguments []; default message [address]]; default message [Address should not be empty]] ]
2022-21-07 10:24:07[INFO][SpringApplicationShutdownHook][o.s.o.j.LocalContainerEntityManagerFactoryBean:651] Closing JPA EntityManagerFactory for persistence unit 'default'
2022-21-07 10:24:07[INFO][SpringApplicationShutdownHook][c.z.h.HikariDataSource:350] HikariPool-1 - Shutdown initiated...
2022-21-07 10:24:07[INFO][SpringApplicationShutdownHook][c.z.h.HikariDataSource:352] HikariPool-1 - Shutdown completed.
2022-21-07 10:24:18[INFO][restartedMain][c.b.a.AddressBookAppApplication:55] Starting AddressBookAppApplication using Java 18.0.1.1 on LAPTOP-RR74P28L with PID 19876 (C:\Users\Admin\Documents\BridgelabzCFP\AddressBookApp\target\classes started by root in C:\Users\Admin\Documents\BridgelabzCFP\AddressBookApp)
2022-21-07 10:24:18[INFO][restartedMain][c.b.a.AddressBookAppApplication:640] The following 1 profile is active: "dev"
2022-21-07 10:24:18[INFO][restartedMain][o.s.b.d.e.DevToolsPropertyDefaultsPostProcessor:255] Devtools property defaults active! Set 'spring.devtools.add-properties' to 'false' to disable
2022-21-07 10:24:18[INFO][restartedMain][o.s.b.d.e.DevToolsPropertyDefaultsPostProcessor:255] For additional web related logging consider setting the 'logging.level.web' property to 'DEBUG'
2022-21-07 10:24:19[INFO][restartedMain][o.s.d.r.c.RepositoryConfigurationDelegate:132] Bootstrapping Spring Data JPA repositories in DEFAULT mode.
2022-21-07 10:24:19[INFO][restartedMain][o.s.d.r.c.RepositoryConfigurationDelegate:201] Finished Spring Data repository scanning in 55 ms. Found 1 JPA repository interfaces.
2022-21-07 10:24:19[INFO][restartedMain][o.s.b.w.e.t.TomcatWebServer:108] Tomcat initialized with port(s): 8080 (http)
2022-21-07 10:24:19[INFO][restartedMain][o.a.c.c.StandardService:173] Starting service [Tomcat]
2022-21-07 10:24:19[INFO][restartedMain][o.a.c.c.StandardEngine:173] Starting Servlet engine: [Apache Tomcat/9.0.64]
2022-21-07 10:24:19[INFO][restartedMain][o.a.c.c.C.[.[.[/]:173] Initializing Spring embedded WebApplicationContext
2022-21-07 10:24:19[INFO][restartedMain][o.s.b.w.s.c.ServletWebServerApplicationContext:292] Root WebApplicationContext: initialization completed in 1491 ms
2022-21-07 10:24:20[INFO][restartedMain][o.h.j.i.u.LogHelper:31] HHH000204: Processing PersistenceUnitInfo [name: default]
2022-21-07 10:24:20[INFO][restartedMain][o.h.Version:44] HHH000412: Hibernate ORM core version 5.6.9.Final
2022-21-07 10:24:20[INFO][restartedMain][o.h.a.c.Version:56] HCANN000001: Hibernate Commons Annotations {5.1.2.Final}
2022-21-07 10:24:20[INFO][restartedMain][c.z.h.HikariDataSource:110] HikariPool-1 - Starting...
2022-21-07 10:24:20[INFO][restartedMain][c.z.h.HikariDataSource:123] HikariPool-1 - Start completed.
2022-21-07 10:24:20[INFO][restartedMain][o.h.d.Dialect:175] HHH000400: Using dialect: org.hibernate.dialect.MySQL8Dialect
2022-21-07 10:24:21[INFO][restartedMain][o.h.e.t.j.p.i.JtaPlatformInitiator:52] HHH000490: Using JtaPlatform implementation: [org.hibernate.engine.transaction.jta.platform.internal.NoJtaPlatform]
2022-21-07 10:24:21[INFO][restartedMain][o.s.o.j.LocalContainerEntityManagerFactoryBean:437] Initialized JPA EntityManagerFactory for persistence unit 'default'
2022-21-07 10:24:21[WARN][restartedMain][o.s.b.a.o.j.JpaBaseConfiguration$JpaWebConfiguration:219] spring.jpa.open-in-view is enabled by default. Therefore, database queries may be performed during view rendering. Explicitly configure spring.jpa.open-in-view to disable this warning
2022-21-07 10:24:22[INFO][restartedMain][o.s.b.d.a.OptionalLiveReloadServer:58] LiveReload server is running on port 35729
2022-21-07 10:24:22[INFO][restartedMain][o.s.b.w.e.t.TomcatWebServer:220] Tomcat started on port(s): 8080 (http) with context path ''
2022-21-07 10:24:22[INFO][restartedMain][c.b.a.AddressBookAppApplication:61] Started AddressBookAppApplication in 4.399 seconds (JVM running for 5.142)
2022-21-07 10:24:22[INFO][restartedMain][c.b.a.AddressBookAppApplication:12] Welcome to Address Book App!
2022-21-07 10:24:58[INFO][http-nio-8080-exec-1][o.a.c.c.C.[.[.[/]:173] Initializing Spring DispatcherServlet 'dispatcherServlet'
2022-21-07 10:24:58[INFO][http-nio-8080-exec-1][o.s.w.s.DispatcherServlet:525] Initializing Servlet 'dispatcherServlet'
2022-21-07 10:24:58[INFO][http-nio-8080-exec-1][o.s.w.s.DispatcherServlet:547] Completed initialization in 2 ms
2022-21-07 10:24:58[WARN][http-nio-8080-exec-1][o.s.w.s.m.m.a.ExceptionHandlerExceptionResolver:208] Resolved [com.bridgelabz.addressbookapp.exceptions.AddressBookException: Address Book with city rajkot not found!]
2022-21-07 10:26:32[INFO][SpringApplicationShutdownHook][o.s.o.j.LocalContainerEntityManagerFactoryBean:651] Closing JPA EntityManagerFactory for persistence unit 'default'
2022-21-07 10:26:32[INFO][SpringApplicationShutdownHook][c.z.h.HikariDataSource:350] HikariPool-1 - Shutdown initiated...
2022-21-07 10:26:32[INFO][SpringApplicationShutdownHook][c.z.h.HikariDataSource:352] HikariPool-1 - Shutdown completed.
2022-21-07 10:26:41[INFO][restartedMain][c.b.a.AddressBookAppApplication:55] Starting AddressBookAppApplication using Java 18.0.1.1 on LAPTOP-RR74P28L with PID 7332 (C:\Users\Admin\Documents\BridgelabzCFP\AddressBookApp\target\classes started by root in C:\Users\Admin\Documents\BridgelabzCFP\AddressBookApp)
2022-21-07 10:26:41[INFO][restartedMain][c.b.a.AddressBookAppApplication:640] The following 1 profile is active: "dev"
2022-21-07 10:26:41[INFO][restartedMain][o.s.b.d.e.DevToolsPropertyDefaultsPostProcessor:255] Devtools property defaults active! Set 'spring.devtools.add-properties' to 'false' to disable
2022-21-07 10:26:41[INFO][restartedMain][o.s.b.d.e.DevToolsPropertyDefaultsPostProcessor:255] For additional web related logging consider setting the 'logging.level.web' property to 'DEBUG'
2022-21-07 10:26:42[INFO][restartedMain][o.s.d.r.c.RepositoryConfigurationDelegate:132] Bootstrapping Spring Data JPA repositories in DEFAULT mode.
2022-21-07 10:26:42[INFO][restartedMain][o.s.d.r.c.RepositoryConfigurationDelegate:201] Finished Spring Data repository scanning in 52 ms. Found 1 JPA repository interfaces.
2022-21-07 10:26:42[INFO][restartedMain][o.s.b.w.e.t.TomcatWebServer:108] Tomcat initialized with port(s): 8080 (http)
2022-21-07 10:26:42[INFO][restartedMain][o.a.c.c.StandardService:173] Starting service [Tomcat]
2022-21-07 10:26:42[INFO][restartedMain][o.a.c.c.StandardEngine:173] Starting Servlet engine: [Apache Tomcat/9.0.64]
2022-21-07 10:26:42[INFO][restartedMain][o.a.c.c.C.[.[.[/]:173] Initializing Spring embedded WebApplicationContext
2022-21-07 10:26:42[INFO][restartedMain][o.s.b.w.s.c.ServletWebServerApplicationContext:292] Root WebApplicationContext: initialization completed in 1446 ms
2022-21-07 10:26:43[INFO][restartedMain][o.h.j.i.u.LogHelper:31] HHH000204: Processing PersistenceUnitInfo [name: default]
2022-21-07 10:26:43[INFO][restartedMain][o.h.Version:44] HHH000412: Hibernate ORM core version 5.6.9.Final
2022-21-07 10:26:43[INFO][restartedMain][o.h.a.c.Version:56] HCANN000001: Hibernate Commons Annotations {5.1.2.Final}
2022-21-07 10:26:43[INFO][restartedMain][c.z.h.HikariDataSource:110] HikariPool-1 - Starting...
2022-21-07 10:26:43[INFO][restartedMain][c.z.h.HikariDataSource:123] HikariPool-1 - Start completed.
2022-21-07 10:26:43[INFO][restartedMain][o.h.d.Dialect:175] HHH000400: Using dialect: org.hibernate.dialect.MySQL8Dialect
2022-21-07 10:26:44[INFO][restartedMain][o.h.e.t.j.p.i.JtaPlatformInitiator:52] HHH000490: Using JtaPlatform implementation: [org.hibernate.engine.transaction.jta.platform.internal.NoJtaPlatform]
2022-21-07 10:26:44[INFO][restartedMain][o.s.o.j.LocalContainerEntityManagerFactoryBean:437] Initialized JPA EntityManagerFactory for persistence unit 'default'
2022-21-07 10:26:44[WARN][restartedMain][o.s.b.a.o.j.JpaBaseConfiguration$JpaWebConfiguration:219] spring.jpa.open-in-view is enabled by default. Therefore, database queries may be performed during view rendering. Explicitly configure spring.jpa.open-in-view to disable this warning
2022-21-07 10:26:44[INFO][restartedMain][o.s.b.d.a.OptionalLiveReloadServer:58] LiveReload server is running on port 35729
2022-21-07 10:26:45[INFO][restartedMain][o.s.b.w.e.t.TomcatWebServer:220] Tomcat started on port(s): 8080 (http) with context path ''
2022-21-07 10:26:45[INFO][restartedMain][c.b.a.AddressBookAppApplication:61] Started AddressBookAppApplication in 3.941 seconds (JVM running for 4.694)
2022-21-07 10:26:45[INFO][restartedMain][c.b.a.AddressBookAppApplication:12] Welcome to Address Book App!
2022-21-07 10:28:43[INFO][http-nio-8080-exec-2][o.a.c.c.C.[.[.[/]:173] Initializing Spring DispatcherServlet 'dispatcherServlet'
2022-21-07 10:28:43[INFO][http-nio-8080-exec-2][o.s.w.s.DispatcherServlet:525] Initializing Servlet 'dispatcherServlet'
2022-21-07 10:28:43[INFO][http-nio-8080-exec-2][o.s.w.s.DispatcherServlet:547] Completed initialization in 4 ms
2022-21-07 10:28:44[WARN][http-nio-8080-exec-2][o.s.w.s.m.m.a.ExceptionHandlerExceptionResolver:208] Resolved [com.bridgelabz.addressbookapp.exceptions.AddressBookException: Address Book with state gj not found!]
2022-21-07 10:37:41[INFO][SpringApplicationShutdownHook][o.s.o.j.LocalContainerEntityManagerFactoryBean:651] Closing JPA EntityManagerFactory for persistence unit 'default'
2022-21-07 10:37:41[INFO][SpringApplicationShutdownHook][c.z.h.HikariDataSource:350] HikariPool-1 - Shutdown initiated...
2022-21-07 10:37:41[INFO][SpringApplicationShutdownHook][c.z.h.HikariDataSource:352] HikariPool-1 - Shutdown completed.
2022-21-07 10:37:51[INFO][restartedMain][c.b.a.AddressBookAppApplication:55] Starting AddressBookAppApplication using Java 18.0.1.1 on LAPTOP-RR74P28L with PID 14376 (C:\Users\Admin\Documents\BridgelabzCFP\AddressBookApp\target\classes started by root in C:\Users\Admin\Documents\BridgelabzCFP\AddressBookApp)
2022-21-07 10:37:51[INFO][restartedMain][c.b.a.AddressBookAppApplication:640] The following 1 profile is active: "dev"
2022-21-07 10:37:51[INFO][restartedMain][o.s.b.d.e.DevToolsPropertyDefaultsPostProcessor:255] Devtools property defaults active! Set 'spring.devtools.add-properties' to 'false' to disable
2022-21-07 10:37:51[INFO][restartedMain][o.s.b.d.e.DevToolsPropertyDefaultsPostProcessor:255] For additional web related logging consider setting the 'logging.level.web' property to 'DEBUG'
2022-21-07 10:37:52[INFO][restartedMain][o.s.d.r.c.RepositoryConfigurationDelegate:132] Bootstrapping Spring Data JPA repositories in DEFAULT mode.
2022-21-07 10:37:52[INFO][restartedMain][o.s.d.r.c.RepositoryConfigurationDelegate:201] Finished Spring Data repository scanning in 50 ms. Found 1 JPA repository interfaces.
2022-21-07 10:37:53[INFO][restartedMain][o.s.b.w.e.t.TomcatWebServer:108] Tomcat initialized with port(s): 8080 (http)
2022-21-07 10:37:53[INFO][restartedMain][o.a.c.c.StandardService:173] Starting service [Tomcat]
2022-21-07 10:37:53[INFO][restartedMain][o.a.c.c.StandardEngine:173] Starting Servlet engine: [Apache Tomcat/9.0.64]
2022-21-07 10:37:53[INFO][restartedMain][o.a.c.c.C.[.[.[/]:173] Initializing Spring embedded WebApplicationContext
2022-21-07 10:37:53[INFO][restartedMain][o.s.b.w.s.c.ServletWebServerApplicationContext:292] Root WebApplicationContext: initialization completed in 1436 ms
2022-21-07 10:37:53[INFO][restartedMain][o.h.j.i.u.LogHelper:31] HHH000204: Processing PersistenceUnitInfo [name: default]
2022-21-07 10:37:53[INFO][restartedMain][o.h.Version:44] HHH000412: Hibernate ORM core version 5.6.9.Final
2022-21-07 10:37:53[INFO][restartedMain][o.h.a.c.Version:56] HCANN000001: Hibernate Commons Annotations {5.1.2.Final}
2022-21-07 10:37:53[INFO][restartedMain][c.z.h.HikariDataSource:110] HikariPool-1 - Starting...
2022-21-07 10:37:54[INFO][restartedMain][c.z.h.HikariDataSource:123] HikariPool-1 - Start completed.
2022-21-07 10:37:54[INFO][restartedMain][o.h.d.Dialect:175] HHH000400: Using dialect: org.hibernate.dialect.MySQL8Dialect
2022-21-07 10:37:54[INFO][restartedMain][o.h.e.t.j.p.i.JtaPlatformInitiator:52] HHH000490: Using JtaPlatform implementation: [org.hibernate.engine.transaction.jta.platform.internal.NoJtaPlatform]
2022-21-07 10:37:54[INFO][restartedMain][o.s.o.j.LocalContainerEntityManagerFactoryBean:437] Initialized JPA EntityManagerFactory for persistence unit 'default'
2022-21-07 10:37:55[WARN][restartedMain][o.s.b.a.o.j.JpaBaseConfiguration$JpaWebConfiguration:219] spring.jpa.open-in-view is enabled by default. Therefore, database queries may be performed during view rendering. Explicitly configure spring.jpa.open-in-view to disable this warning
2022-21-07 10:37:55[INFO][restartedMain][o.s.b.d.a.OptionalLiveReloadServer:58] LiveReload server is running on port 35729
2022-21-07 10:37:55[INFO][restartedMain][o.s.b.w.e.t.TomcatWebServer:220] Tomcat started on port(s): 8080 (http) with context path ''
2022-21-07 10:37:55[INFO][restartedMain][c.b.a.AddressBookAppApplication:61] Started AddressBookAppApplication in 4.187 seconds (JVM running for 4.929)
2022-21-07 10:37:55[INFO][restartedMain][c.b.a.AddressBookAppApplication:12] Welcome to Address Book App!
2022-21-07 10:38:06[INFO][http-nio-8080-exec-3][o.a.c.c.C.[.[.[/]:173] Initializing Spring DispatcherServlet 'dispatcherServlet'
2022-21-07 10:38:06[INFO][http-nio-8080-exec-3][o.s.w.s.DispatcherServlet:525] Initializing Servlet 'dispatcherServlet'
2022-21-07 10:38:06[INFO][http-nio-8080-exec-3][o.s.w.s.DispatcherServlet:547] Completed initialization in 3 ms
2022-21-07 10:38:07[WARN][http-nio-8080-exec-3][o.s.w.s.m.m.a.ExceptionHandlerExceptionResolver:208] Resolved [com.bridgelabz.addressbookapp.exceptions.AddressBookException: Address Book is empty!]
2022-21-07 10:38:20[WARN][http-nio-8080-exec-4][o.s.w.s.m.m.a.ExceptionHandlerExceptionResolver:208] Resolved [com.bridgelabz.addressbookapp.exceptions.AddressBookException: Address Book is empty!]
2022-21-07 10:38:27[WARN][http-nio-8080-exec-6][o.s.w.s.m.m.a.ExceptionHandlerExceptionResolver:208] Resolved [com.bridgelabz.addressbookapp.exceptions.AddressBookException: Address Book is empty!]
2022-21-07 10:43:01[WARN][http-nio-8080-exec-5][o.s.w.s.m.m.a.ExceptionHandlerExceptionResolver:208] Resolved [org.springframework.web.bind.MethodArgumentNotValidException: Validation failed for argument [0] in public org.springframework.http.ResponseEntity<com.bridgelabz.addressbookapp.dto.ResponseDTO> com.bridgelabz.addressbookapp.controller.AddressBookController.createAddressBook(com.bridgelabz.addressbookapp.dto.AddressBookDTO): [Field error in object 'addressBookDTO' on field 'zipCode': rejected value [3901002]; codes [Pattern.addressBookDTO.zipCode,Pattern.zipCode,Pattern]; arguments [org.springframework.context.support.DefaultMessageSourceResolvable: codes [addressBookDTO.zipCode,zipCode]; arguments []; default message [zipCode],[Ljavax.validation.constraints.Pattern$Flag;@3d5a701e,^[1-9]\d{2}\s?\d{3}$]; default message [Zip code invalid]] ]
2022-21-07 10:43:58[WARN][http-nio-8080-exec-10][o.s.w.s.m.m.a.ExceptionHandlerExceptionResolver:208] Resolved [com.bridgelabz.addressbookapp.exceptions.AddressBookException: Address Book with city rajkot not found!]
2022-21-07 10:44:39[WARN][http-nio-8080-exec-3][o.s.w.s.m.m.a.ExceptionHandlerExceptionResolver:208] Resolved [com.bridgelabz.addressbookapp.exceptions.AddressBookException: Address Book with state mh not found!]
2022-21-07 10:45:09[INFO][SpringApplicationShutdownHook][o.s.o.j.LocalContainerEntityManagerFactoryBean:651] Closing JPA EntityManagerFactory for persistence unit 'default'
2022-21-07 10:45:09[INFO][SpringApplicationShutdownHook][c.z.h.HikariDataSource:350] HikariPool-1 - Shutdown initiated...
2022-21-07 10:45:09[INFO][SpringApplicationShutdownHook][c.z.h.HikariDataSource:352] HikariPool-1 - Shutdown completed.
2022-21-07 10:45:14[INFO][restartedMain][c.b.a.AddressBookAppApplication:55] Starting AddressBookAppApplication using Java 18.0.1.1 on LAPTOP-RR74P28L with PID 9732 (C:\Users\Admin\Documents\BridgelabzCFP\AddressBookApp\target\classes started by root in C:\Users\Admin\Documents\BridgelabzCFP\AddressBookApp)
2022-21-07 10:45:14[INFO][restartedMain][c.b.a.AddressBookAppApplication:640] The following 1 profile is active: "dev"
2022-21-07 10:45:14[INFO][restartedMain][o.s.b.d.e.DevToolsPropertyDefaultsPostProcessor:255] Devtools property defaults active! Set 'spring.devtools.add-properties' to 'false' to disable
2022-21-07 10:45:14[INFO][restartedMain][o.s.b.d.e.DevToolsPropertyDefaultsPostProcessor:255] For additional web related logging consider setting the 'logging.level.web' property to 'DEBUG'
2022-21-07 10:45:15[INFO][restartedMain][o.s.d.r.c.RepositoryConfigurationDelegate:132] Bootstrapping Spring Data JPA repositories in DEFAULT mode.
2022-21-07 10:45:15[INFO][restartedMain][o.s.d.r.c.RepositoryConfigurationDelegate:201] Finished Spring Data repository scanning in 63 ms. Found 1 JPA repository interfaces.
2022-21-07 10:45:16[INFO][restartedMain][o.s.b.w.e.t.TomcatWebServer:108] Tomcat initialized with port(s): 8080 (http)
2022-21-07 10:45:16[INFO][restartedMain][o.a.c.c.StandardService:173] Starting service [Tomcat]
2022-21-07 10:45:16[INFO][restartedMain][o.a.c.c.StandardEngine:173] Starting Servlet engine: [Apache Tomcat/9.0.64]
2022-21-07 10:45:16[INFO][restartedMain][o.a.c.c.C.[.[.[/]:173] Initializing Spring embedded WebApplicationContext
2022-21-07 10:45:16[INFO][restartedMain][o.s.b.w.s.c.ServletWebServerApplicationContext:292] Root WebApplicationContext: initialization completed in 1640 ms
2022-21-07 10:45:16[INFO][restartedMain][o.h.j.i.u.LogHelper:31] HHH000204: Processing PersistenceUnitInfo [name: default]
2022-21-07 10:45:16[INFO][restartedMain][o.h.Version:44] HHH000412: Hibernate ORM core version 5.6.9.Final
2022-21-07 10:45:16[INFO][restartedMain][o.h.a.c.Version:56] HCANN000001: Hibernate Commons Annotations {5.1.2.Final}
2022-21-07 10:45:16[INFO][restartedMain][c.z.h.HikariDataSource:110] HikariPool-1 - Starting...
2022-21-07 10:45:17[INFO][restartedMain][c.z.h.HikariDataSource:123] HikariPool-1 - Start completed.
2022-21-07 10:45:17[INFO][restartedMain][o.h.d.Dialect:175] HHH000400: Using dialect: org.hibernate.dialect.MySQL8Dialect
2022-21-07 10:45:17[INFO][restartedMain][o.h.e.t.j.p.i.JtaPlatformInitiator:52] HHH000490: Using JtaPlatform implementation: [org.hibernate.engine.transaction.jta.platform.internal.NoJtaPlatform]
2022-21-07 10:45:17[INFO][restartedMain][o.s.o.j.LocalContainerEntityManagerFactoryBean:437] Initialized JPA EntityManagerFactory for persistence unit 'default'
2022-21-07 10:45:18[WARN][restartedMain][o.s.b.a.o.j.JpaBaseConfiguration$JpaWebConfiguration:219] spring.jpa.open-in-view is enabled by default. Therefore, database queries may be performed during view rendering. Explicitly configure spring.jpa.open-in-view to disable this warning
2022-21-07 10:45:18[INFO][restartedMain][o.s.b.d.a.OptionalLiveReloadServer:58] LiveReload server is running on port 35729
2022-21-07 10:45:18[INFO][restartedMain][o.s.b.w.e.t.TomcatWebServer:220] Tomcat started on port(s): 8080 (http) with context path ''
2022-21-07 10:45:18[INFO][restartedMain][c.b.a.AddressBookAppApplication:61] Started AddressBookAppApplication in 4.37 seconds (JVM running for 5.243)
2022-21-07 10:45:18[INFO][restartedMain][c.b.a.AddressBookAppApplication:12] Welcome to Address Book App!
2022-21-07 11:26:53[INFO][SpringApplicationShutdownHook][o.s.o.j.LocalContainerEntityManagerFactoryBean:651] Closing JPA EntityManagerFactory for persistence unit 'default'
2022-21-07 11:26:53[INFO][SpringApplicationShutdownHook][c.z.h.HikariDataSource:350] HikariPool-1 - Shutdown initiated...
2022-21-07 11:26:53[INFO][SpringApplicationShutdownHook][c.z.h.HikariDataSource:352] HikariPool-1 - Shutdown completed.
2022-21-07 11:27:02[INFO][restartedMain][c.b.a.AddressBookAppApplication:55] Starting AddressBookAppApplication using Java 18.0.1.1 on LAPTOP-RR74P28L with PID 18504 (C:\Users\Admin\Documents\BridgelabzCFP\AddressBookApp\target\classes started by root in C:\Users\Admin\Documents\BridgelabzCFP\AddressBookApp)
2022-21-07 11:27:02[INFO][restartedMain][c.b.a.AddressBookAppApplication:640] The following 1 profile is active: "dev"
2022-21-07 11:27:02[INFO][restartedMain][o.s.b.d.e.DevToolsPropertyDefaultsPostProcessor:255] Devtools property defaults active! Set 'spring.devtools.add-properties' to 'false' to disable
2022-21-07 11:27:02[INFO][restartedMain][o.s.b.d.e.DevToolsPropertyDefaultsPostProcessor:255] For additional web related logging consider setting the 'logging.level.web' property to 'DEBUG'
2022-21-07 11:27:03[INFO][restartedMain][o.s.d.r.c.RepositoryConfigurationDelegate:132] Bootstrapping Spring Data JPA repositories in DEFAULT mode.
2022-21-07 11:27:03[INFO][restartedMain][o.s.d.r.c.RepositoryConfigurationDelegate:201] Finished Spring Data repository scanning in 43 ms. Found 1 JPA repository interfaces.
2022-21-07 11:27:04[INFO][restartedMain][o.s.b.w.e.t.TomcatWebServer:108] Tomcat initialized with port(s): 8080 (http)
2022-21-07 11:27:04[INFO][restartedMain][o.a.c.c.StandardService:173] Starting service [Tomcat]
2022-21-07 11:27:04[INFO][restartedMain][o.a.c.c.StandardEngine:173] Starting Servlet engine: [Apache Tomcat/9.0.64]
2022-21-07 11:27:04[INFO][restartedMain][o.a.c.c.C.[.[.[/]:173] Initializing Spring embedded WebApplicationContext
2022-21-07 11:27:04[INFO][restartedMain][o.s.b.w.s.c.ServletWebServerApplicationContext:292] Root WebApplicationContext: initialization completed in 1290 ms
2022-21-07 11:27:04[INFO][restartedMain][o.h.j.i.u.LogHelper:31] HHH000204: Processing PersistenceUnitInfo [name: default]
2022-21-07 11:27:04[INFO][restartedMain][o.h.Version:44] HHH000412: Hibernate ORM core version 5.6.9.Final
2022-21-07 11:27:04[INFO][restartedMain][o.h.a.c.Version:56] HCANN000001: Hibernate Commons Annotations {5.1.2.Final}
2022-21-07 11:27:04[INFO][restartedMain][c.z.h.HikariDataSource:110] HikariPool-1 - Starting...
2022-21-07 11:27:04[INFO][restartedMain][c.z.h.HikariDataSource:123] HikariPool-1 - Start completed.
2022-21-07 11:27:04[INFO][restartedMain][o.h.d.Dialect:175] HHH000400: Using dialect: org.hibernate.dialect.MySQL8Dialect
2022-21-07 11:27:05[INFO][restartedMain][o.h.e.t.j.p.i.JtaPlatformInitiator:52] HHH000490: Using JtaPlatform implementation: [org.hibernate.engine.transaction.jta.platform.internal.NoJtaPlatform]
2022-21-07 11:27:05[INFO][restartedMain][o.s.o.j.LocalContainerEntityManagerFactoryBean:437] Initialized JPA EntityManagerFactory for persistence unit 'default'
2022-21-07 11:27:05[WARN][restartedMain][o.s.b.a.o.j.JpaBaseConfiguration$JpaWebConfiguration:219] spring.jpa.open-in-view is enabled by default. Therefore, database queries may be performed during view rendering. Explicitly configure spring.jpa.open-in-view to disable this warning
2022-21-07 11:27:05[INFO][restartedMain][o.s.b.d.a.OptionalLiveReloadServer:58] LiveReload server is running on port 35729
2022-21-07 11:27:05[INFO][restartedMain][o.s.b.w.e.t.TomcatWebServer:220] Tomcat started on port(s): 8080 (http) with context path ''
2022-21-07 11:27:05[INFO][restartedMain][c.b.a.AddressBookAppApplication:61] Started AddressBookAppApplication in 3.538 seconds (JVM running for 4.169)
2022-21-07 11:27:05[INFO][restartedMain][c.b.a.AddressBookAppApplication:12] Welcome to Address Book App!
2022-21-07 11:27:23[INFO][http-nio-8080-exec-2][o.a.c.c.C.[.[.[/]:173] Initializing Spring DispatcherServlet 'dispatcherServlet'
2022-21-07 11:27:23[INFO][http-nio-8080-exec-2][o.s.w.s.DispatcherServlet:525] Initializing Servlet 'dispatcherServlet'
2022-21-07 11:27:23[INFO][http-nio-8080-exec-2][o.s.w.s.DispatcherServlet:547] Completed initialization in 0 ms
2022-21-07 11:28:24[WARN][http-nio-8080-exec-5][o.s.w.s.m.m.a.ExceptionHandlerExceptionResolver:208] Resolved [org.springframework.web.bind.MethodArgumentNotValidException: Validation failed for argument [1] in public org.springframework.http.ResponseEntity<com.bridgelabz.addressbookapp.dto.ResponseDTO> com.bridgelabz.addressbookapp.controller.AddressBookController.editAddressBook(int,com.bridgelabz.addressbookapp.dto.AddressBookDTO) with 2 errors: [Field error in object 'addressBookDTO' on field 'address': rejected value [null]; codes [NotBlank.addressBookDTO.address,NotBlank.address,NotBlank]; arguments [org.springframework.context.support.DefaultMessageSourceResolvable: codes [addressBookDTO.address,address]; arguments []; default message [address]]; default message [Address should not be empty]] [Field error in object 'addressBookDTO' on field 'state': rejected value [null]; codes [NotBlank.addressBookDTO.state,NotBlank.state,NotBlank]; arguments [org.springframework.context.support.DefaultMessageSourceResolvable: codes [addressBookDTO.state,state]; arguments []; default message [state]]; default message [State should not be empty]] ]
2022-21-07 11:39:02[INFO][SpringApplicationShutdownHook][o.s.o.j.LocalContainerEntityManagerFactoryBean:651] Closing JPA EntityManagerFactory for persistence unit 'default'
2022-21-07 11:39:02[INFO][SpringApplicationShutdownHook][c.z.h.HikariDataSource:350] HikariPool-1 - Shutdown initiated...
2022-21-07 11:39:02[INFO][SpringApplicationShutdownHook][c.z.h.HikariDataSource:352] HikariPool-1 - Shutdown completed.
2022-21-07 11:39:12[INFO][restartedMain][c.b.a.AddressBookAppApplication:55] Starting AddressBookAppApplication using Java 18.0.1.1 on LAPTOP-RR74P28L with PID 25332 (C:\Users\Admin\Documents\BridgelabzCFP\AddressBookApp\target\classes started by root in C:\Users\Admin\Documents\BridgelabzCFP\AddressBookApp)
2022-21-07 11:39:12[INFO][restartedMain][c.b.a.AddressBookAppApplication:640] The following 1 profile is active: "dev"
2022-21-07 11:39:12[INFO][restartedMain][o.s.b.d.e.DevToolsPropertyDefaultsPostProcessor:255] Devtools property defaults active! Set 'spring.devtools.add-properties' to 'false' to disable
2022-21-07 11:39:12[INFO][restartedMain][o.s.b.d.e.DevToolsPropertyDefaultsPostProcessor:255] For additional web related logging consider setting the 'logging.level.web' property to 'DEBUG'
2022-21-07 11:39:12[INFO][restartedMain][o.s.d.r.c.RepositoryConfigurationDelegate:132] Bootstrapping Spring Data JPA repositories in DEFAULT mode.
2022-21-07 11:39:12[INFO][restartedMain][o.s.d.r.c.RepositoryConfigurationDelegate:201] Finished Spring Data repository scanning in 58 ms. Found 1 JPA repository interfaces.
2022-21-07 11:39:13[INFO][restartedMain][o.s.b.w.e.t.TomcatWebServer:108] Tomcat initialized with port(s): 8080 (http)
2022-21-07 11:39:13[INFO][restartedMain][o.a.c.c.StandardService:173] Starting service [Tomcat]
2022-21-07 11:39:13[INFO][restartedMain][o.a.c.c.StandardEngine:173] Starting Servlet engine: [Apache Tomcat/9.0.64]
2022-21-07 11:39:13[INFO][restartedMain][o.a.c.c.C.[.[.[/]:173] Initializing Spring embedded WebApplicationContext
2022-21-07 11:39:13[INFO][restartedMain][o.s.b.w.s.c.ServletWebServerApplicationContext:292] Root WebApplicationContext: initialization completed in 1354 ms
2022-21-07 11:39:13[INFO][restartedMain][o.h.j.i.u.LogHelper:31] HHH000204: Processing PersistenceUnitInfo [name: default]
2022-21-07 11:39:13[INFO][restartedMain][o.h.Version:44] HHH000412: Hibernate ORM core version 5.6.9.Final
2022-21-07 11:39:13[INFO][restartedMain][o.h.a.c.Version:56] HCANN000001: Hibernate Commons Annotations {5.1.2.Final}
2022-21-07 11:39:14[INFO][restartedMain][c.z.h.HikariDataSource:110] HikariPool-1 - Starting...
2022-21-07 11:39:14[INFO][restartedMain][c.z.h.HikariDataSource:123] HikariPool-1 - Start completed.
2022-21-07 11:39:14[INFO][restartedMain][o.h.d.Dialect:175] HHH000400: Using dialect: org.hibernate.dialect.MySQL8Dialect
2022-21-07 11:39:14[INFO][restartedMain][o.h.e.t.j.p.i.JtaPlatformInitiator:52] HHH000490: Using JtaPlatform implementation: [org.hibernate.engine.transaction.jta.platform.internal.NoJtaPlatform]
2022-21-07 11:39:14[INFO][restartedMain][o.s.o.j.LocalContainerEntityManagerFactoryBean:437] Initialized JPA EntityManagerFactory for persistence unit 'default'
2022-21-07 11:39:15[WARN][restartedMain][o.s.b.a.o.j.JpaBaseConfiguration$JpaWebConfiguration:219] spring.jpa.open-in-view is enabled by default. Therefore, database queries may be performed during view rendering. Explicitly configure spring.jpa.open-in-view to disable this warning
2022-21-07 11:39:15[INFO][restartedMain][o.s.b.d.a.OptionalLiveReloadServer:58] LiveReload server is running on port 35729
2022-21-07 11:39:15[INFO][restartedMain][o.s.b.w.e.t.TomcatWebServer:220] Tomcat started on port(s): 8080 (http) with context path ''
2022-21-07 11:39:15[INFO][restartedMain][c.b.a.AddressBookAppApplication:61] Started AddressBookAppApplication in 3.773 seconds (JVM running for 4.5)
2022-21-07 11:39:15[INFO][restartedMain][c.b.a.AddressBookAppApplication:12] Welcome to Address Book App!
